<?xml version="1.0" encoding="UTF-8" standalone="no"?>
<!DOCTYPE report PUBLIC "-//JACOCO//DTD Report 1.1//EN" "report.dtd"[]>
<report name="Pester (12/26/2025 06:40:48)">
  <sessioninfo id="this" start="1766731190463" dump="1766731248280" />
  <package name="wara">
    <class name="wara/wara" sourcefilename="wara.psm1">
      <method name="Start-WARACollector" desc="()" line="115">
        <counter type="INSTRUCTION" missed="85" covered="274" />
        <counter type="LINE" missed="67" covered="224" />
        <counter type="METHOD" missed="0" covered="1" />
      </method>
      <method name="Build-ImpactedResourceObj" desc="()" line="622">
        <counter type="INSTRUCTION" missed="0" covered="3" />
        <counter type="LINE" missed="0" covered="3" />
        <counter type="METHOD" missed="0" covered="1" />
      </method>
      <method name="Build-ValidationResourceObj" desc="()" line="641">
        <counter type="INSTRUCTION" missed="0" covered="3" />
        <counter type="LINE" missed="0" covered="3" />
        <counter type="METHOD" missed="0" covered="1" />
      </method>
      <method name="Build-ResourceTypeObj" desc="()" line="657">
        <counter type="INSTRUCTION" missed="0" covered="2" />
        <counter type="LINE" missed="0" covered="2" />
        <counter type="METHOD" missed="0" covered="1" />
      </method>
      <method name="Build-SpecializedResourceObj" desc="()" line="672">
        <counter type="INSTRUCTION" missed="2" covered="0" />
        <counter type="LINE" missed="2" covered="0" />
        <counter type="METHOD" missed="1" covered="0" />
      </method>
      <method name="Get-WARAOtherRecommendations" desc="()" line="687">
        <counter type="INSTRUCTION" missed="0" covered="6" />
        <counter type="LINE" missed="0" covered="3" />
        <counter type="METHOD" missed="0" covered="1" />
      </method>
      <method name="resourceTypeFactory" desc="()" line="779">
        <counter type="INSTRUCTION" missed="0" covered="4" />
        <counter type="LINE" missed="0" covered="2" />
        <counter type="METHOD" missed="0" covered="1" />
      </method>
      <method name="createResourceTypeObjects" desc="()" line="784">
        <counter type="INSTRUCTION" missed="0" covered="12" />
        <counter type="LINE" missed="0" covered="10" />
        <counter type="METHOD" missed="0" covered="1" />
      </method>
      <method name="impactedResourceFactory" desc="()" line="922">
        <counter type="INSTRUCTION" missed="0" covered="3" />
        <counter type="LINE" missed="0" covered="3" />
        <counter type="METHOD" missed="0" covered="1" />
      </method>
      <method name="createImpactedResourceObjects" desc="()" line="928">
        <counter type="INSTRUCTION" missed="0" covered="19" />
        <counter type="LINE" missed="0" covered="19" />
        <counter type="METHOD" missed="0" covered="1" />
      </method>
      <method name="validationResourceFactory" desc="()" line="998">
        <counter type="INSTRUCTION" missed="0" covered="3" />
        <counter type="LINE" missed="0" covered="3" />
        <counter type="METHOD" missed="0" covered="1" />
      </method>
      <method name="createValidationResourceObjects" desc="()" line="1004">
        <counter type="INSTRUCTION" missed="20" covered="49" />
        <counter type="LINE" missed="18" covered="44" />
        <counter type="METHOD" missed="0" covered="1" />
      </method>
      <method name="getValidationAction" desc="()" line="1085">
        <counter type="INSTRUCTION" missed="9" covered="5" />
        <counter type="LINE" missed="9" covered="5" />
        <counter type="METHOD" missed="0" covered="1" />
      </method>
      <method name="specializedResourceFactory" desc="()" line="1140">
        <counter type="INSTRUCTION" missed="2" covered="0" />
        <counter type="LINE" missed="2" covered="0" />
        <counter type="METHOD" missed="1" covered="0" />
      </method>
      <method name="createSpecializedResourceObjects" desc="()" line="1145">
        <counter type="INSTRUCTION" missed="22" covered="0" />
        <counter type="LINE" missed="21" covered="0" />
        <counter type="METHOD" missed="1" covered="0" />
      </method>
      <counter type="INSTRUCTION" missed="140" covered="383" />
      <counter type="LINE" missed="119" covered="321" />
      <counter type="METHOD" missed="3" covered="12" />
      <counter type="CLASS" missed="0" covered="1" />
    </class>
    <sourcefile name="wara.psm1">
      <line nr="115" mi="0" ci="1" mb="0" cb="0" />
      <line nr="120" mi="1" ci="0" mb="0" cb="0" />
      <line nr="125" mi="0" ci="1" mb="0" cb="0" />
      <line nr="130" mi="1" ci="0" mb="0" cb="0" />
      <line nr="139" mi="0" ci="1" mb="0" cb="0" />
      <line nr="156" mi="0" ci="1" mb="0" cb="0" />
      <line nr="157" mi="0" ci="2" mb="0" cb="0" />
      <line nr="158" mi="0" ci="2" mb="0" cb="0" />
      <line nr="160" mi="0" ci="1" mb="0" cb="0" />
      <line nr="161" mi="1" ci="0" mb="0" cb="0" />
      <line nr="162" mi="2" ci="0" mb="0" cb="0" />
      <line nr="163" mi="1" ci="0" mb="0" cb="0" />
      <line nr="164" mi="1" ci="0" mb="0" cb="0" />
      <line nr="165" mi="2" ci="0" mb="0" cb="0" />
      <line nr="166" mi="1" ci="0" mb="0" cb="0" />
      <line nr="167" mi="1" ci="0" mb="0" cb="0" />
      <line nr="168" mi="1" ci="0" mb="0" cb="0" />
      <line nr="172" mi="0" ci="1" mb="0" cb="0" />
      <line nr="175" mi="0" ci="1" mb="0" cb="0" />
      <line nr="176" mi="0" ci="3" mb="0" cb="0" />
      <line nr="177" mi="0" ci="1" mb="0" cb="0" />
      <line nr="178" mi="0" ci="1" mb="0" cb="0" />
      <line nr="182" mi="0" ci="1" mb="0" cb="0" />
      <line nr="183" mi="0" ci="1" mb="0" cb="0" />
      <line nr="186" mi="0" ci="1" mb="0" cb="0" />
      <line nr="188" mi="1" ci="0" mb="0" cb="0" />
      <line nr="189" mi="1" ci="0" mb="0" cb="0" />
      <line nr="190" mi="1" ci="0" mb="0" cb="0" />
      <line nr="191" mi="1" ci="0" mb="0" cb="0" />
      <line nr="192" mi="1" ci="0" mb="0" cb="0" />
      <line nr="193" mi="2" ci="0" mb="0" cb="0" />
      <line nr="194" mi="1" ci="0" mb="0" cb="0" />
      <line nr="195" mi="2" ci="0" mb="0" cb="0" />
      <line nr="196" mi="2" ci="0" mb="0" cb="0" />
      <line nr="197" mi="2" ci="0" mb="0" cb="0" />
      <line nr="200" mi="0" ci="1" mb="0" cb="0" />
      <line nr="201" mi="0" ci="2" mb="0" cb="0" />
      <line nr="203" mi="0" ci="1" mb="0" cb="0" />
      <line nr="204" mi="0" ci="1" mb="0" cb="0" />
      <line nr="207" mi="0" ci="1" mb="0" cb="0" />
      <line nr="208" mi="0" ci="1" mb="0" cb="0" />
      <line nr="215" mi="0" ci="1" mb="0" cb="0" />
      <line nr="216" mi="0" ci="2" mb="0" cb="0" />
      <line nr="217" mi="0" ci="1" mb="0" cb="0" />
      <line nr="218" mi="0" ci="1" mb="0" cb="0" />
      <line nr="219" mi="0" ci="1" mb="0" cb="0" />
      <line nr="221" mi="0" ci="2" mb="0" cb="0" />
      <line nr="223" mi="0" ci="1" mb="0" cb="0" />
      <line nr="224" mi="0" ci="1" mb="0" cb="0" />
      <line nr="226" mi="0" ci="1" mb="0" cb="0" />
      <line nr="227" mi="0" ci="1" mb="0" cb="0" />
      <line nr="228" mi="0" ci="1" mb="0" cb="0" />
      <line nr="229" mi="0" ci="1" mb="0" cb="0" />
      <line nr="232" mi="0" ci="1" mb="0" cb="0" />
      <line nr="235" mi="0" ci="1" mb="0" cb="0" />
      <line nr="236" mi="1" ci="0" mb="0" cb="0" />
      <line nr="237" mi="1" ci="0" mb="0" cb="0" />
      <line nr="239" mi="0" ci="1" mb="0" cb="0" />
      <line nr="240" mi="1" ci="0" mb="0" cb="0" />
      <line nr="241" mi="1" ci="0" mb="0" cb="0" />
      <line nr="243" mi="0" ci="1" mb="0" cb="0" />
      <line nr="244" mi="1" ci="0" mb="0" cb="0" />
      <line nr="245" mi="1" ci="0" mb="0" cb="0" />
      <line nr="247" mi="0" ci="1" mb="0" cb="0" />
      <line nr="248" mi="1" ci="0" mb="0" cb="0" />
      <line nr="249" mi="1" ci="0" mb="0" cb="0" />
      <line nr="251" mi="0" ci="1" mb="0" cb="0" />
      <line nr="252" mi="1" ci="0" mb="0" cb="0" />
      <line nr="253" mi="1" ci="0" mb="0" cb="0" />
      <line nr="255" mi="0" ci="1" mb="0" cb="0" />
      <line nr="256" mi="1" ci="0" mb="0" cb="0" />
      <line nr="257" mi="1" ci="0" mb="0" cb="0" />
      <line nr="260" mi="0" ci="1" mb="0" cb="0" />
      <line nr="261" mi="1" ci="0" mb="0" cb="0" />
      <line nr="265" mi="0" ci="1" mb="0" cb="0" />
      <line nr="266" mi="0" ci="1" mb="0" cb="0" />
      <line nr="267" mi="0" ci="1" mb="0" cb="0" />
      <line nr="270" mi="0" ci="1" mb="0" cb="0" />
      <line nr="271" mi="0" ci="1" mb="0" cb="0" />
      <line nr="273" mi="0" ci="1" mb="0" cb="0" />
      <line nr="276" mi="0" ci="1" mb="0" cb="0" />
      <line nr="277" mi="0" ci="2" mb="0" cb="0" />
      <line nr="278" mi="0" ci="2" mb="0" cb="0" />
      <line nr="284" mi="0" ci="2" mb="0" cb="0" />
      <line nr="287" mi="0" ci="1" mb="0" cb="0" />
      <line nr="288" mi="0" ci="1" mb="0" cb="0" />
      <line nr="289" mi="0" ci="1" mb="0" cb="0" />
      <line nr="290" mi="0" ci="2" mb="0" cb="0" />
      <line nr="291" mi="0" ci="2" mb="0" cb="0" />
      <line nr="294" mi="0" ci="1" mb="0" cb="0" />
      <line nr="295" mi="0" ci="1" mb="0" cb="0" />
      <line nr="297" mi="0" ci="1" mb="0" cb="0" />
      <line nr="300" mi="0" ci="1" mb="0" cb="0" />
      <line nr="301" mi="0" ci="2" mb="0" cb="0" />
      <line nr="302" mi="0" ci="1" mb="0" cb="0" />
      <line nr="308" mi="0" ci="4" mb="0" cb="0" />
      <line nr="309" mi="0" ci="2" mb="0" cb="0" />
      <line nr="312" mi="0" ci="1" mb="0" cb="0" />
      <line nr="313" mi="0" ci="1" mb="0" cb="0" />
      <line nr="314" mi="0" ci="1" mb="0" cb="0" />
      <line nr="315" mi="0" ci="2" mb="0" cb="0" />
      <line nr="318" mi="0" ci="1" mb="0" cb="0" />
      <line nr="319" mi="0" ci="1" mb="0" cb="0" />
      <line nr="320" mi="0" ci="4" mb="0" cb="0" />
      <line nr="321" mi="0" ci="2" mb="0" cb="0" />
      <line nr="324" mi="0" ci="1" mb="0" cb="0" />
      <line nr="325" mi="0" ci="1" mb="0" cb="0" />
      <line nr="326" mi="0" ci="1" mb="0" cb="0" />
      <line nr="327" mi="0" ci="2" mb="0" cb="0" />
      <line nr="330" mi="0" ci="1" mb="0" cb="0" />
      <line nr="331" mi="0" ci="1" mb="0" cb="0" />
      <line nr="332" mi="0" ci="1" mb="0" cb="0" />
      <line nr="333" mi="0" ci="1" mb="0" cb="0" />
      <line nr="336" mi="0" ci="1" mb="0" cb="0" />
      <line nr="337" mi="0" ci="1" mb="0" cb="0" />
      <line nr="338" mi="0" ci="1" mb="0" cb="0" />
      <line nr="339" mi="0" ci="2" mb="0" cb="0" />
      <line nr="342" mi="0" ci="1" mb="0" cb="0" />
      <line nr="343" mi="0" ci="1" mb="0" cb="0" />
      <line nr="344" mi="0" ci="1" mb="0" cb="0" />
      <line nr="345" mi="0" ci="1" mb="0" cb="0" />
      <line nr="346" mi="0" ci="1" mb="0" cb="0" />
      <line nr="349" mi="0" ci="2" mb="0" cb="0" />
      <line nr="352" mi="0" ci="1" mb="0" cb="0" />
      <line nr="353" mi="0" ci="1" mb="0" cb="0" />
      <line nr="354" mi="0" ci="1" mb="0" cb="0" />
      <line nr="355" mi="0" ci="2" mb="0" cb="0" />
      <line nr="358" mi="0" ci="1" mb="0" cb="0" />
      <line nr="359" mi="0" ci="1" mb="0" cb="0" />
      <line nr="360" mi="0" ci="1" mb="0" cb="0" />
      <line nr="361" mi="0" ci="2" mb="0" cb="0" />
      <line nr="365" mi="0" ci="1" mb="0" cb="0" />
      <line nr="366" mi="0" ci="1" mb="0" cb="0" />
      <line nr="367" mi="0" ci="1" mb="0" cb="0" />
      <line nr="368" mi="0" ci="2" mb="0" cb="0" />
      <line nr="372" mi="0" ci="1" mb="0" cb="0" />
      <line nr="373" mi="0" ci="1" mb="0" cb="0" />
      <line nr="374" mi="0" ci="1" mb="0" cb="0" />
      <line nr="375" mi="0" ci="2" mb="0" cb="0" />
      <line nr="378" mi="0" ci="1" mb="0" cb="0" />
      <line nr="379" mi="0" ci="1" mb="0" cb="0" />
      <line nr="380" mi="0" ci="1" mb="0" cb="0" />
      <line nr="381" mi="0" ci="2" mb="0" cb="0" />
      <line nr="384" mi="0" ci="1" mb="0" cb="0" />
      <line nr="385" mi="0" ci="1" mb="0" cb="0" />
      <line nr="386" mi="0" ci="1" mb="0" cb="0" />
      <line nr="387" mi="0" ci="2" mb="0" cb="0" />
      <line nr="390" mi="0" ci="1" mb="0" cb="0" />
      <line nr="391" mi="0" ci="1" mb="0" cb="0" />
      <line nr="392" mi="0" ci="1" mb="0" cb="0" />
      <line nr="393" mi="0" ci="2" mb="0" cb="0" />
      <line nr="394" mi="0" ci="2" mb="0" cb="0" />
      <line nr="395" mi="0" ci="1" mb="0" cb="0" />
      <line nr="396" mi="0" ci="1" mb="0" cb="0" />
      <line nr="399" mi="0" ci="2" mb="0" cb="0" />
      <line nr="405" mi="0" ci="1" mb="0" cb="0" />
      <line nr="406" mi="0" ci="1" mb="0" cb="0" />
      <line nr="407" mi="0" ci="1" mb="0" cb="0" />
      <line nr="408" mi="0" ci="2" mb="0" cb="0" />
      <line nr="409" mi="0" ci="1" mb="0" cb="0" />
      <line nr="410" mi="0" ci="1" mb="0" cb="0" />
      <line nr="413" mi="0" ci="2" mb="0" cb="0" />
      <line nr="416" mi="0" ci="1" mb="0" cb="0" />
      <line nr="417" mi="0" ci="1" mb="0" cb="0" />
      <line nr="418" mi="0" ci="1" mb="0" cb="0" />
      <line nr="419" mi="0" ci="2" mb="0" cb="0" />
      <line nr="422" mi="0" ci="1" mb="0" cb="0" />
      <line nr="423" mi="0" ci="1" mb="0" cb="0" />
      <line nr="424" mi="0" ci="1" mb="0" cb="0" />
      <line nr="425" mi="0" ci="2" mb="0" cb="0" />
      <line nr="428" mi="0" ci="1" mb="0" cb="0" />
      <line nr="429" mi="0" ci="1" mb="0" cb="0" />
      <line nr="430" mi="0" ci="1" mb="0" cb="0" />
      <line nr="431" mi="0" ci="2" mb="0" cb="0" />
      <line nr="434" mi="0" ci="1" mb="0" cb="0" />
      <line nr="435" mi="0" ci="1" mb="0" cb="0" />
      <line nr="436" mi="0" ci="1" mb="0" cb="0" />
      <line nr="437" mi="0" ci="2" mb="0" cb="0" />
      <line nr="440" mi="0" ci="1" mb="0" cb="0" />
      <line nr="441" mi="0" ci="1" mb="0" cb="0" />
      <line nr="442" mi="0" ci="1" mb="0" cb="0" />
      <line nr="443" mi="0" ci="2" mb="0" cb="0" />
      <line nr="446" mi="0" ci="1" mb="0" cb="0" />
      <line nr="447" mi="0" ci="1" mb="0" cb="0" />
      <line nr="448" mi="0" ci="3" mb="0" cb="0" />
      <line nr="449" mi="0" ci="2" mb="0" cb="0" />
      <line nr="452" mi="0" ci="1" mb="0" cb="0" />
      <line nr="453" mi="0" ci="1" mb="0" cb="0" />
      <line nr="454" mi="0" ci="2" mb="0" cb="0" />
      <line nr="455" mi="0" ci="2" mb="0" cb="0" />
      <line nr="458" mi="0" ci="1" mb="0" cb="0" />
      <line nr="459" mi="1" ci="0" mb="0" cb="0" />
      <line nr="460" mi="1" ci="0" mb="0" cb="0" />
      <line nr="461" mi="1" ci="0" mb="0" cb="0" />
      <line nr="464" mi="1" ci="0" mb="0" cb="0" />
      <line nr="465" mi="1" ci="0" mb="0" cb="0" />
      <line nr="466" mi="1" ci="0" mb="0" cb="0" />
      <line nr="467" mi="2" ci="0" mb="0" cb="0" />
      <line nr="470" mi="1" ci="0" mb="0" cb="0" />
      <line nr="471" mi="1" ci="0" mb="0" cb="0" />
      <line nr="472" mi="1" ci="0" mb="0" cb="0" />
      <line nr="473" mi="2" ci="0" mb="0" cb="0" />
      <line nr="476" mi="1" ci="0" mb="0" cb="0" />
      <line nr="477" mi="1" ci="0" mb="0" cb="0" />
      <line nr="478" mi="1" ci="0" mb="0" cb="0" />
      <line nr="479" mi="2" ci="0" mb="0" cb="0" />
      <line nr="482" mi="1" ci="0" mb="0" cb="0" />
      <line nr="483" mi="1" ci="0" mb="0" cb="0" />
      <line nr="484" mi="1" ci="0" mb="0" cb="0" />
      <line nr="485" mi="2" ci="0" mb="0" cb="0" />
      <line nr="488" mi="1" ci="0" mb="0" cb="0" />
      <line nr="489" mi="1" ci="0" mb="0" cb="0" />
      <line nr="490" mi="1" ci="0" mb="0" cb="0" />
      <line nr="491" mi="2" ci="0" mb="0" cb="0" />
      <line nr="496" mi="0" ci="1" mb="0" cb="0" />
      <line nr="497" mi="0" ci="1" mb="0" cb="0" />
      <line nr="498" mi="0" ci="1" mb="0" cb="0" />
      <line nr="501" mi="2" ci="0" mb="0" cb="0" />
      <line nr="506" mi="0" ci="1" mb="0" cb="0" />
      <line nr="507" mi="1" ci="0" mb="0" cb="0" />
      <line nr="509" mi="1" ci="0" mb="0" cb="0" />
      <line nr="510" mi="1" ci="0" mb="0" cb="0" />
      <line nr="511" mi="2" ci="0" mb="0" cb="0" />
      <line nr="513" mi="1" ci="0" mb="0" cb="0" />
      <line nr="514" mi="1" ci="0" mb="0" cb="0" />
      <line nr="515" mi="2" ci="0" mb="0" cb="0" />
      <line nr="519" mi="0" ci="1" mb="0" cb="0" />
      <line nr="520" mi="0" ci="1" mb="0" cb="0" />
      <line nr="521" mi="0" ci="1" mb="0" cb="0" />
      <line nr="522" mi="0" ci="2" mb="0" cb="0" />
      <line nr="525" mi="0" ci="1" mb="0" cb="0" />
      <line nr="526" mi="0" ci="1" mb="0" cb="0" />
      <line nr="527" mi="0" ci="1" mb="0" cb="0" />
      <line nr="528" mi="0" ci="2" mb="0" cb="0" />
      <line nr="531" mi="0" ci="1" mb="0" cb="0" />
      <line nr="532" mi="0" ci="1" mb="0" cb="0" />
      <line nr="533" mi="0" ci="1" mb="0" cb="0" />
      <line nr="536" mi="0" ci="1" mb="0" cb="0" />
      <line nr="537" mi="0" ci="1" mb="0" cb="0" />
      <line nr="538" mi="0" ci="1" mb="0" cb="0" />
      <line nr="541" mi="0" ci="1" mb="0" cb="0" />
      <line nr="542" mi="0" ci="1" mb="0" cb="0" />
      <line nr="543" mi="0" ci="1" mb="0" cb="0" />
      <line nr="546" mi="0" ci="1" mb="0" cb="0" />
      <line nr="547" mi="0" ci="1" mb="0" cb="0" />
      <line nr="548" mi="0" ci="1" mb="0" cb="0" />
      <line nr="550" mi="0" ci="1" mb="0" cb="0" />
      <line nr="551" mi="0" ci="2" mb="0" cb="0" />
      <line nr="554" mi="0" ci="1" mb="0" cb="0" />
      <line nr="555" mi="0" ci="1" mb="0" cb="0" />
      <line nr="556" mi="0" ci="2" mb="0" cb="0" />
      <line nr="557" mi="0" ci="1" mb="0" cb="0" />
      <line nr="558" mi="0" ci="1" mb="0" cb="0" />
      <line nr="559" mi="0" ci="1" mb="0" cb="0" />
      <line nr="560" mi="0" ci="1" mb="0" cb="0" />
      <line nr="561" mi="0" ci="1" mb="0" cb="0" />
      <line nr="562" mi="0" ci="1" mb="0" cb="0" />
      <line nr="563" mi="0" ci="1" mb="0" cb="0" />
      <line nr="564" mi="0" ci="1" mb="0" cb="0" />
      <line nr="565" mi="0" ci="1" mb="0" cb="0" />
      <line nr="566" mi="0" ci="1" mb="0" cb="0" />
      <line nr="567" mi="0" ci="1" mb="0" cb="0" />
      <line nr="568" mi="0" ci="1" mb="0" cb="0" />
      <line nr="569" mi="0" ci="1" mb="0" cb="0" />
      <line nr="570" mi="0" ci="1" mb="0" cb="0" />
      <line nr="571" mi="0" ci="1" mb="0" cb="0" />
      <line nr="572" mi="0" ci="1" mb="0" cb="0" />
      <line nr="573" mi="0" ci="1" mb="0" cb="0" />
      <line nr="574" mi="0" ci="1" mb="0" cb="0" />
      <line nr="575" mi="0" ci="1" mb="0" cb="0" />
      <line nr="576" mi="0" ci="1" mb="0" cb="0" />
      <line nr="580" mi="0" ci="1" mb="0" cb="0" />
      <line nr="581" mi="0" ci="1" mb="0" cb="0" />
      <line nr="582" mi="0" ci="1" mb="0" cb="0" />
      <line nr="583" mi="0" ci="1" mb="0" cb="0" />
      <line nr="584" mi="0" ci="1" mb="0" cb="0" />
      <line nr="585" mi="0" ci="1" mb="0" cb="0" />
      <line nr="586" mi="0" ci="1" mb="0" cb="0" />
      <line nr="587" mi="0" ci="1" mb="0" cb="0" />
      <line nr="588" mi="0" ci="1" mb="0" cb="0" />
      <line nr="589" mi="0" ci="1" mb="0" cb="0" />
      <line nr="590" mi="0" ci="1" mb="0" cb="0" />
      <line nr="591" mi="0" ci="1" mb="0" cb="0" />
      <line nr="594" mi="0" ci="1" mb="0" cb="0" />
      <line nr="595" mi="0" ci="1" mb="0" cb="0" />
      <line nr="598" mi="0" ci="1" mb="0" cb="0" />
      <line nr="599" mi="0" ci="1" mb="0" cb="0" />
      <line nr="600" mi="0" ci="1" mb="0" cb="0" />
      <line nr="604" mi="3" ci="0" mb="0" cb="0" />
      <line nr="605" mi="1" ci="0" mb="0" cb="0" />
      <line nr="606" mi="3" ci="0" mb="0" cb="0" />
      <line nr="622" mi="0" ci="1" mb="0" cb="0" />
      <line nr="623" mi="0" ci="1" mb="0" cb="0" />
      <line nr="625" mi="0" ci="1" mb="0" cb="0" />
      <line nr="641" mi="0" ci="1" mb="0" cb="0" />
      <line nr="642" mi="0" ci="1" mb="0" cb="0" />
      <line nr="644" mi="0" ci="1" mb="0" cb="0" />
      <line nr="657" mi="0" ci="1" mb="0" cb="0" />
      <line nr="659" mi="0" ci="1" mb="0" cb="0" />
      <line nr="672" mi="1" ci="0" mb="0" cb="0" />
      <line nr="674" mi="1" ci="0" mb="0" cb="0" />
      <line nr="687" mi="0" ci="2" mb="0" cb="0" />
      <line nr="690" mi="0" ci="3" mb="0" cb="0" />
      <line nr="692" mi="0" ci="1" mb="0" cb="0" />
      <line nr="779" mi="0" ci="3" mb="0" cb="0" />
      <line nr="780" mi="0" ci="1" mb="0" cb="0" />
      <line nr="784" mi="0" ci="1" mb="0" cb="0" />
      <line nr="785" mi="0" ci="1" mb="0" cb="0" />
      <line nr="786" mi="0" ci="1" mb="0" cb="0" />
      <line nr="787" mi="0" ci="1" mb="0" cb="0" />
      <line nr="788" mi="0" ci="3" mb="0" cb="0" />
      <line nr="789" mi="0" ci="1" mb="0" cb="0" />
      <line nr="790" mi="0" ci="1" mb="0" cb="0" />
      <line nr="791" mi="0" ci="1" mb="0" cb="0" />
      <line nr="793" mi="0" ci="1" mb="0" cb="0" />
      <line nr="795" mi="0" ci="1" mb="0" cb="0" />
      <line nr="922" mi="0" ci="1" mb="0" cb="0" />
      <line nr="923" mi="0" ci="1" mb="0" cb="0" />
      <line nr="924" mi="0" ci="1" mb="0" cb="0" />
      <line nr="928" mi="0" ci="1" mb="0" cb="0" />
      <line nr="929" mi="0" ci="1" mb="0" cb="0" />
      <line nr="930" mi="0" ci="1" mb="0" cb="0" />
      <line nr="931" mi="0" ci="1" mb="0" cb="0" />
      <line nr="932" mi="0" ci="1" mb="0" cb="0" />
      <line nr="933" mi="0" ci="1" mb="0" cb="0" />
      <line nr="934" mi="0" ci="1" mb="0" cb="0" />
      <line nr="935" mi="0" ci="1" mb="0" cb="0" />
      <line nr="936" mi="0" ci="1" mb="0" cb="0" />
      <line nr="937" mi="0" ci="1" mb="0" cb="0" />
      <line nr="938" mi="0" ci="1" mb="0" cb="0" />
      <line nr="939" mi="0" ci="1" mb="0" cb="0" />
      <line nr="940" mi="0" ci="1" mb="0" cb="0" />
      <line nr="941" mi="0" ci="1" mb="0" cb="0" />
      <line nr="942" mi="0" ci="1" mb="0" cb="0" />
      <line nr="943" mi="0" ci="1" mb="0" cb="0" />
      <line nr="944" mi="0" ci="1" mb="0" cb="0" />
      <line nr="945" mi="0" ci="1" mb="0" cb="0" />
      <line nr="947" mi="0" ci="1" mb="0" cb="0" />
      <line nr="998" mi="0" ci="1" mb="0" cb="0" />
      <line nr="999" mi="0" ci="1" mb="0" cb="0" />
      <line nr="1000" mi="0" ci="1" mb="0" cb="0" />
      <line nr="1004" mi="0" ci="1" mb="0" cb="0" />
      <line nr="1006" mi="0" ci="5" mb="0" cb="0" />
      <line nr="1008" mi="0" ci="1" mb="0" cb="0" />
      <line nr="1010" mi="0" ci="1" mb="0" cb="0" />
      <line nr="1012" mi="0" ci="1" mb="0" cb="0" />
      <line nr="1016" mi="0" ci="2" mb="0" cb="0" />
      <line nr="1018" mi="0" ci="1" mb="0" cb="0" />
      <line nr="1019" mi="0" ci="1" mb="0" cb="0" />
      <line nr="1020" mi="0" ci="1" mb="0" cb="0" />
      <line nr="1021" mi="0" ci="1" mb="0" cb="0" />
      <line nr="1022" mi="0" ci="1" mb="0" cb="0" />
      <line nr="1023" mi="0" ci="1" mb="0" cb="0" />
      <line nr="1024" mi="0" ci="1" mb="0" cb="0" />
      <line nr="1025" mi="0" ci="1" mb="0" cb="0" />
      <line nr="1026" mi="0" ci="1" mb="0" cb="0" />
      <line nr="1027" mi="0" ci="1" mb="0" cb="0" />
      <line nr="1028" mi="0" ci="1" mb="0" cb="0" />
      <line nr="1029" mi="0" ci="1" mb="0" cb="0" />
      <line nr="1030" mi="0" ci="1" mb="0" cb="0" />
      <line nr="1031" mi="0" ci="1" mb="0" cb="0" />
      <line nr="1032" mi="0" ci="1" mb="0" cb="0" />
      <line nr="1033" mi="0" ci="1" mb="0" cb="0" />
      <line nr="1034" mi="0" ci="1" mb="0" cb="0" />
      <line nr="1035" mi="0" ci="1" mb="0" cb="0" />
      <line nr="1036" mi="0" ci="1" mb="0" cb="0" />
      <line nr="1039" mi="0" ci="1" mb="0" cb="0" />
      <line nr="1040" mi="0" ci="1" mb="0" cb="0" />
      <line nr="1041" mi="0" ci="1" mb="0" cb="0" />
      <line nr="1042" mi="0" ci="1" mb="0" cb="0" />
      <line nr="1043" mi="0" ci="1" mb="0" cb="0" />
      <line nr="1044" mi="0" ci="1" mb="0" cb="0" />
      <line nr="1045" mi="0" ci="1" mb="0" cb="0" />
      <line nr="1046" mi="0" ci="1" mb="0" cb="0" />
      <line nr="1047" mi="0" ci="1" mb="0" cb="0" />
      <line nr="1048" mi="0" ci="1" mb="0" cb="0" />
      <line nr="1049" mi="0" ci="1" mb="0" cb="0" />
      <line nr="1050" mi="0" ci="1" mb="0" cb="0" />
      <line nr="1051" mi="0" ci="1" mb="0" cb="0" />
      <line nr="1052" mi="0" ci="1" mb="0" cb="0" />
      <line nr="1053" mi="0" ci="1" mb="0" cb="0" />
      <line nr="1054" mi="0" ci="1" mb="0" cb="0" />
      <line nr="1055" mi="0" ci="1" mb="0" cb="0" />
      <line nr="1056" mi="0" ci="1" mb="0" cb="0" />
      <line nr="1059" mi="3" ci="0" mb="0" cb="0" />
      <line nr="1061" mi="1" ci="0" mb="0" cb="0" />
      <line nr="1062" mi="1" ci="0" mb="0" cb="0" />
      <line nr="1063" mi="1" ci="0" mb="0" cb="0" />
      <line nr="1064" mi="1" ci="0" mb="0" cb="0" />
      <line nr="1065" mi="1" ci="0" mb="0" cb="0" />
      <line nr="1066" mi="1" ci="0" mb="0" cb="0" />
      <line nr="1067" mi="1" ci="0" mb="0" cb="0" />
      <line nr="1068" mi="1" ci="0" mb="0" cb="0" />
      <line nr="1069" mi="1" ci="0" mb="0" cb="0" />
      <line nr="1070" mi="1" ci="0" mb="0" cb="0" />
      <line nr="1071" mi="1" ci="0" mb="0" cb="0" />
      <line nr="1072" mi="1" ci="0" mb="0" cb="0" />
      <line nr="1073" mi="1" ci="0" mb="0" cb="0" />
      <line nr="1074" mi="1" ci="0" mb="0" cb="0" />
      <line nr="1075" mi="1" ci="0" mb="0" cb="0" />
      <line nr="1076" mi="1" ci="0" mb="0" cb="0" />
      <line nr="1077" mi="1" ci="0" mb="0" cb="0" />
      <line nr="1081" mi="0" ci="1" mb="0" cb="0" />
      <line nr="1085" mi="0" ci="1" mb="0" cb="0" />
      <line nr="1086" mi="0" ci="1" mb="0" cb="0" />
      <line nr="1087" mi="0" ci="1" mb="0" cb="0" />
      <line nr="1088" mi="1" ci="0" mb="0" cb="0" />
      <line nr="1089" mi="0" ci="1" mb="0" cb="0" />
      <line nr="1090" mi="1" ci="0" mb="0" cb="0" />
      <line nr="1093" mi="0" ci="1" mb="0" cb="0" />
      <line nr="1140" mi="1" ci="0" mb="0" cb="0" />
      <line nr="1141" mi="1" ci="0" mb="0" cb="0" />
      <line nr="1145" mi="1" ci="0" mb="0" cb="0" />
      <line nr="1147" mi="2" ci="0" mb="0" cb="0" />
      <line nr="1148" mi="1" ci="0" mb="0" cb="0" />
      <line nr="1149" mi="1" ci="0" mb="0" cb="0" />
      <line nr="1150" mi="1" ci="0" mb="0" cb="0" />
      <line nr="1151" mi="1" ci="0" mb="0" cb="0" />
      <line nr="1152" mi="1" ci="0" mb="0" cb="0" />
      <line nr="1153" mi="1" ci="0" mb="0" cb="0" />
      <line nr="1154" mi="1" ci="0" mb="0" cb="0" />
      <line nr="1155" mi="1" ci="0" mb="0" cb="0" />
      <line nr="1156" mi="1" ci="0" mb="0" cb="0" />
      <line nr="1157" mi="1" ci="0" mb="0" cb="0" />
      <line nr="1158" mi="1" ci="0" mb="0" cb="0" />
      <line nr="1159" mi="1" ci="0" mb="0" cb="0" />
      <line nr="1160" mi="1" ci="0" mb="0" cb="0" />
      <line nr="1161" mi="1" ci="0" mb="0" cb="0" />
      <line nr="1162" mi="1" ci="0" mb="0" cb="0" />
      <line nr="1163" mi="1" ci="0" mb="0" cb="0" />
      <line nr="1164" mi="1" ci="0" mb="0" cb="0" />
      <line nr="1165" mi="1" ci="0" mb="0" cb="0" />
      <line nr="1168" mi="1" ci="0" mb="0" cb="0" />
      <line nr="1172" mi="1" ci="0" mb="0" cb="0" />
      <line nr="1173" mi="1" ci="0" mb="0" cb="0" />
      <line nr="1174" mi="1" ci="0" mb="0" cb="0" />
      <line nr="1175" mi="1" ci="0" mb="0" cb="0" />
      <line nr="1176" mi="1" ci="0" mb="0" cb="0" />
      <line nr="1177" mi="1" ci="0" mb="0" cb="0" />
      <line nr="1180" mi="1" ci="0" mb="0" cb="0" />
      <counter type="INSTRUCTION" missed="140" covered="383" />
      <counter type="LINE" missed="119" covered="321" />
      <counter type="METHOD" missed="3" covered="12" />
      <counter type="CLASS" missed="0" covered="1" />
    </sourcefile>
    <counter type="INSTRUCTION" missed="140" covered="383" />
    <counter type="LINE" missed="119" covered="321" />
    <counter type="METHOD" missed="3" covered="12" />
    <counter type="CLASS" missed="0" covered="1" />
  </package>
  <counter type="INSTRUCTION" missed="140" covered="383" />
  <counter type="LINE" missed="119" covered="321" />
  <counter type="METHOD" missed="3" covered="12" />
  <counter type="CLASS" missed="0" covered="1" />
</report>
